\BOOKMARK [1][-]{section.1}{Créer un document}{}% 1
\BOOKMARK [2][-]{subsection.1.1}{Préambule}{section.1}% 2
\BOOKMARK [2][-]{subsection.1.2}{Page de présentation}{section.1}% 3
\BOOKMARK [2][-]{subsection.1.3}{Formatage}{section.1}% 4
\BOOKMARK [2][-]{subsection.1.4}{Commentaires}{section.1}% 5
\BOOKMARK [1][-]{section.2}{Paragraphes}{}% 6
\BOOKMARK [2][-]{subsection.2.1}{Alignement}{section.2}% 7
\BOOKMARK [2][-]{subsection.2.2}{Indentation}{section.2}% 8
\BOOKMARK [1][-]{section.3}{Formatage}{}% 9
\BOOKMARK [2][-]{subsection.3.1}{Gras, italique, souligné}{section.3}% 10
\BOOKMARK [2][-]{subsection.3.2}{Mise en évidence du texte}{section.3}% 11
\BOOKMARK [1][-]{section.4}{Listes}{}% 12
\BOOKMARK [2][-]{subsection.4.1}{Listes non-ordonnées}{section.4}% 13
\BOOKMARK [2][-]{subsection.4.2}{Listes ordonnées}{section.4}% 14
\BOOKMARK [2][-]{subsection.4.3}{Listes imbriquées}{section.4}% 15
\BOOKMARK [2][-]{subsection.4.4}{Style\040de\040listes}{section.4}% 16
\BOOKMARK [3][-]{subsubsection.4.4.1}{Listes ordonnées}{subsection.4.4}% 17
\BOOKMARK [1][-]{section.5}{Références}{}% 18
\BOOKMARK [2][-]{subsection.5.1}{Types\040de\040documents}{section.5}% 19
\BOOKMARK [2][-]{subsection.5.2}{Caractères spéciaux}{section.5}% 20
